<?xml version="1.0" encoding="UTF-8"?>
<testng-results skipped="0" failed="1" ignored="1" total="3" passed="1">
  <reporter-output>
  </reporter-output>
  <suite name="Suite" duration-ms="34219" started-at="2019-08-13T01:47:24Z" finished-at="2019-08-13T01:47:58Z">
    <groups>
    </groups>
    <test name="Test-class test" duration-ms="34219" started-at="2019-08-13T01:47:24Z" finished-at="2019-08-13T01:47:58Z">
      <class name="TestingEtsy.MenuItems">
        <test-method status="PASS" signature="mybeforeTest()[pri:0, instance:TestingEtsy.MenuItems@27efef64]" name="mybeforeTest" is-config="true" duration-ms="7944" started-at="2019-08-13T01:47:24Z" finished-at="2019-08-13T01:47:32Z">
          <reporter-output>
          </reporter-output>
        </test-method> <!-- mybeforeTest -->
        <test-method status="FAIL" signature="hoveroveronbuttons()[pri:0, instance:TestingEtsy.MenuItems@27efef64]" name="hoveroveronbuttons" duration-ms="26200" started-at="2019-08-13T01:47:32Z" finished-at="2019-08-13T01:47:58Z">
          <exception class="org.openqa.selenium.TimeoutException">
            <message>
              <![CDATA[Expected condition failed: waiting for visibility of all elements located by By.xpath: //span[contains(text(),'Pet Supplies')] (tried for 20 second(s) with 500 milliseconds interval)
Build info: version: '3.141.59', revision: 'e82be7d358', time: '2018-11-14T08:17:03'
System info: host: 'MSI', ip: '192.168.1.3', os.name: 'Windows 10', os.arch: 'amd64', os.version: '10.0', java.version: '1.8.0_151'
Driver info: org.openqa.selenium.chrome.ChromeDriver
Capabilities {acceptInsecureCerts: false, browserName: chrome, browserVersion: 76.0.3809.100, chrome: {chromedriverVersion: 75.0.3770.90 (a6dcaf7e3ec6f..., userDataDir: C:\Users\JuNiOr\AppData\Loc...}, goog:chromeOptions: {debuggerAddress: localhost:53210}, javascriptEnabled: true, networkConnectionEnabled: false, pageLoadStrategy: normal, platform: XP, platformName: XP, proxy: Proxy(), setWindowRect: true, strictFileInteractability: false, timeouts: {implicit: 0, pageLoad: 300000, script: 30000}, unhandledPromptBehavior: dismiss and notify}
Session ID: 37ac2f8186c780ec28eda393552caf3e]]>
            </message>
            <full-stacktrace>
              <![CDATA[org.openqa.selenium.TimeoutException: Expected condition failed: waiting for visibility of all elements located by By.xpath: //span[contains(text(),'Pet Supplies')] (tried for 20 second(s) with 500 milliseconds interval)
Build info: version: '3.141.59', revision: 'e82be7d358', time: '2018-11-14T08:17:03'
System info: host: 'MSI', ip: '192.168.1.3', os.name: 'Windows 10', os.arch: 'amd64', os.version: '10.0', java.version: '1.8.0_151'
Driver info: org.openqa.selenium.chrome.ChromeDriver
Capabilities {acceptInsecureCerts: false, browserName: chrome, browserVersion: 76.0.3809.100, chrome: {chromedriverVersion: 75.0.3770.90 (a6dcaf7e3ec6f..., userDataDir: C:\Users\JuNiOr\AppData\Loc...}, goog:chromeOptions: {debuggerAddress: localhost:53210}, javascriptEnabled: true, networkConnectionEnabled: false, pageLoadStrategy: normal, platform: XP, platformName: XP, proxy: Proxy(), setWindowRect: true, strictFileInteractability: false, timeouts: {implicit: 0, pageLoad: 300000, script: 30000}, unhandledPromptBehavior: dismiss and notify}
Session ID: 37ac2f8186c780ec28eda393552caf3e
at org.openqa.selenium.support.ui.WebDriverWait.timeoutException(WebDriverWait.java:95)
at org.openqa.selenium.support.ui.FluentWait.until(FluentWait.java:272)
at Utilities.ReusableMethods.hoveroverinHomePage(ReusableMethods.java:38)
at TestingEtsy.MenuItems.hoveroveronbuttons(MenuItems.java:35)
at sun.reflect.NativeMethodAccessorImpl.invoke0(Native Method)
at sun.reflect.NativeMethodAccessorImpl.invoke(Unknown Source)
at sun.reflect.DelegatingMethodAccessorImpl.invoke(Unknown Source)
at java.lang.reflect.Method.invoke(Unknown Source)
at org.testng.internal.MethodInvocationHelper.invokeMethod(MethodInvocationHelper.java:124)
at org.testng.internal.Invoker.invokeMethod(Invoker.java:583)
at org.testng.internal.Invoker.invokeTestMethod(Invoker.java:719)
at org.testng.internal.Invoker.invokeTestMethods(Invoker.java:989)
at org.testng.internal.TestMethodWorker.invokeTestMethods(TestMethodWorker.java:125)
at org.testng.internal.TestMethodWorker.run(TestMethodWorker.java:109)
at java.util.concurrent.ThreadPoolExecutor.runWorker(Unknown Source)
at java.util.concurrent.ThreadPoolExecutor$Worker.run(Unknown Source)
at java.lang.Thread.run(Unknown Source)
]]>
            </full-stacktrace>
          </exception> <!-- org.openqa.selenium.TimeoutException -->
          <reporter-output>
          </reporter-output>
        </test-method> <!-- hoveroveronbuttons -->
      </class> <!-- TestingEtsy.MenuItems -->
      <class name="TestingEtsy.SearchingFunctionality">
        <test-method status="PASS" signature="basicSearch()[pri:0, instance:TestingEtsy.SearchingFunctionality@6f7fd0e6]" name="basicSearch" duration-ms="5862" started-at="2019-08-13T01:47:32Z" finished-at="2019-08-13T01:47:38Z">
          <reporter-output>
          </reporter-output>
        </test-method> <!-- basicSearch -->
      </class> <!-- TestingEtsy.SearchingFunctionality -->
    </test> <!-- Test-class test -->
  </suite> <!-- Suite -->
</testng-results>
