<?xml version="1.0" encoding="UTF-8"?>
<testng-results skipped="0" failed="0" ignored="0" total="2" passed="2">
  <reporter-output>
  </reporter-output>
  <suite name="Default suite" duration-ms="18145" started-at="2019-08-10T18:54:12Z" finished-at="2019-08-10T18:54:30Z">
    <groups>
    </groups>
    <test name="Default test" duration-ms="18145" started-at="2019-08-10T18:54:12Z" finished-at="2019-08-10T18:54:30Z">
      <class name="Class2testNG.testng_810">
        <test-method status="PASS" signature="mybeforeTest()[pri:0, instance:Class2testNG.testng_810@68c4039c]" name="mybeforeTest" is-config="true" duration-ms="13224" started-at="2019-08-10T18:54:12Z" finished-at="2019-08-10T18:54:25Z">
          <reporter-output>
          </reporter-output>
        </test-method> <!-- mybeforeTest -->
        <test-method status="PASS" signature="LearnEnglish()[pri:1, instance:Class2testNG.testng_810@68c4039c]" name="LearnEnglish" duration-ms="2451" started-at="2019-08-10T18:54:25Z" finished-at="2019-08-10T18:54:28Z">
          <reporter-output>
          </reporter-output>
        </test-method> <!-- LearnEnglish -->
        <test-method status="PASS" signature="ClickEnglishCourse()[pri:2, instance:Class2testNG.testng_810@68c4039c]" name="ClickEnglishCourse" duration-ms="2424" started-at="2019-08-10T18:54:28Z" finished-at="2019-08-10T18:54:30Z">
          <reporter-output>
          </reporter-output>
        </test-method> <!-- ClickEnglishCourse -->
      </class> <!-- Class2testNG.testng_810 -->
    </test> <!-- Default test -->
  </suite> <!-- Default suite -->
</testng-results>
